{"C:\\Users\\antek\\OneDrive\\Radna površina\\Nova mapa (7)\\pages\\kod.js": {"path":"C:\\Users\\antek\\OneDrive\\Radna površina\\Nova mapa (7)\\pages\\kod.js","statementMap":{"0":{"start":{"line":2,"column":20},"end":{"line":2,"column":45}},"1":{"start":{"line":3,"column":19},"end":{"line":3,"column":40}},"2":{"start":{"line":4,"column":4},"end":{"line":4,"column":19}},"3":{"start":{"line":8,"column":17},"end":{"line":8,"column":38}},"4":{"start":{"line":9,"column":4},"end":{"line":9,"column":45}},"5":{"start":{"line":12,"column":8},"end":{"line":12,"column":12}},"6":{"start":{"line":13,"column":13},"end":{"line":13,"column":15}},"7":{"start":{"line":17,"column":8},"end":{"line":17,"column":23}},"8":{"start":{"line":18,"column":8},"end":{"line":18,"column":27}},"9":{"start":{"line":19,"column":8},"end":{"line":19,"column":31}},"10":{"start":{"line":20,"column":8},"end":{"line":20,"column":24}},"11":{"start":{"line":24,"column":23},"end":{"line":24,"column":52}},"12":{"start":{"line":26,"column":8},"end":{"line":34,"column":9}},"13":{"start":{"line":27,"column":12},"end":{"line":32,"column":13}},"14":{"start":{"line":27,"column":25},"end":{"line":27,"column":26}},"15":{"start":{"line":28,"column":16},"end":{"line":31,"column":17}},"16":{"start":{"line":29,"column":20},"end":{"line":29,"column":86}},"17":{"start":{"line":30,"column":20},"end":{"line":30,"column":33}},"18":{"start":{"line":36,"column":8},"end":{"line":36,"column":20}},"19":{"start":{"line":40,"column":8},"end":{"line":40,"column":24}},"20":{"start":{"line":41,"column":23},"end":{"line":41,"column":52}},"21":{"start":{"line":42,"column":8},"end":{"line":44,"column":9}},"22":{"start":{"line":43,"column":12},"end":{"line":43,"column":29}},"23":{"start":{"line":45,"column":8},"end":{"line":45,"column":37}},"24":{"start":{"line":46,"column":8},"end":{"line":46,"column":46}},"25":{"start":{"line":47,"column":8},"end":{"line":47,"column":68}},"26":{"start":{"line":52,"column":19},"end":{"line":52,"column":48}},"27":{"start":{"line":54,"column":4},"end":{"line":59,"column":5}},"28":{"start":{"line":54,"column":17},"end":{"line":54,"column":18}},"29":{"start":{"line":55,"column":8},"end":{"line":58,"column":9}},"30":{"start":{"line":56,"column":12},"end":{"line":56,"column":53}},"31":{"start":{"line":57,"column":12},"end":{"line":57,"column":24}},"32":{"start":{"line":60,"column":4},"end":{"line":60,"column":17}},"33":{"start":{"line":62,"column":0},"end":{"line":67,"column":4}}},"fnMap":{"0":{"name":"dohvatiLocalStorage","decl":{"start":{"line":1,"column":9},"end":{"line":1,"column":28}},"loc":{"start":{"line":1,"column":34},"end":{"line":5,"column":1}},"line":1},"1":{"name":"posaljiLocalStorage","decl":{"start":{"line":7,"column":9},"end":{"line":7,"column":28}},"loc":{"start":{"line":7,"column":41},"end":{"line":10,"column":1}},"line":7},"2":{"name":"(anonymous_2)","decl":{"start":{"line":16,"column":4},"end":{"line":16,"column":5}},"loc":{"start":{"line":16,"column":37},"end":{"line":21,"column":5}},"line":16},"3":{"name":"(anonymous_3)","decl":{"start":{"line":23,"column":4},"end":{"line":23,"column":5}},"loc":{"start":{"line":23,"column":15},"end":{"line":37,"column":5}},"line":23},"4":{"name":"(anonymous_4)","decl":{"start":{"line":39,"column":4},"end":{"line":39,"column":5}},"loc":{"start":{"line":39,"column":12},"end":{"line":48,"column":5}},"line":39},"5":{"name":"provjeriLozinku","decl":{"start":{"line":51,"column":9},"end":{"line":51,"column":24}},"loc":{"start":{"line":51,"column":39},"end":{"line":61,"column":1}},"line":51}},"branchMap":{"0":{"loc":{"start":{"line":26,"column":8},"end":{"line":34,"column":9}},"type":"if","locations":[{"start":{"line":26,"column":8},"end":{"line":34,"column":9}},{"start":{},"end":{}}],"line":26},"1":{"loc":{"start":{"line":28,"column":16},"end":{"line":31,"column":17}},"type":"if","locations":[{"start":{"line":28,"column":16},"end":{"line":31,"column":17}},{"start":{},"end":{}}],"line":28},"2":{"loc":{"start":{"line":28,"column":20},"end":{"line":28,"column":62}},"type":"binary-expr","locations":[{"start":{"line":28,"column":20},"end":{"line":28,"column":31}},{"start":{"line":28,"column":35},"end":{"line":28,"column":62}}],"line":28},"3":{"loc":{"start":{"line":42,"column":8},"end":{"line":44,"column":9}},"type":"if","locations":[{"start":{"line":42,"column":8},"end":{"line":44,"column":9}},{"start":{},"end":{}}],"line":42},"4":{"loc":{"start":{"line":55,"column":8},"end":{"line":58,"column":9}},"type":"if","locations":[{"start":{"line":55,"column":8},"end":{"line":58,"column":9}},{"start":{},"end":{}}],"line":55},"5":{"loc":{"start":{"line":55,"column":12},"end":{"line":55,"column":83}},"type":"binary-expr","locations":[{"start":{"line":55,"column":12},"end":{"line":55,"column":23}},{"start":{"line":55,"column":27},"end":{"line":55,"column":49}},{"start":{"line":55,"column":53},"end":{"line":55,"column":83}}],"line":55}},"s":{"0":5,"1":5,"2":5,"3":2,"4":2,"5":1,"6":1,"7":2,"8":2,"9":2,"10":2,"11":0,"12":0,"13":0,"14":0,"15":0,"16":0,"17":0,"18":0,"19":1,"20":1,"21":1,"22":1,"23":1,"24":1,"25":1,"26":2,"27":2,"28":2,"29":3,"30":1,"31":1,"32":1,"33":1},"f":{"0":5,"1":2,"2":2,"3":0,"4":1,"5":2},"b":{"0":[0,0],"1":[0,0],"2":[0,0],"3":[1,0],"4":[1,2],"5":[3,3,2]},"_coverageSchema":"1a1c01bbd47fc00a2c39e90264f33305004495a9","hash":"252e000cd01d5e3bdf64bf954fc306a8e5a37531"}
}
