TN:
SF:kod.js
FN:1,dohvatiLocalStorage
FN:7,posaljiLocalStorage
FN:16,(anonymous_2)
FN:23,(anonymous_3)
FN:39,(anonymous_4)
FN:51,provjeriLozinku
FNF:6
FNH:5
FNDA:5,dohvatiLocalStorage
FNDA:2,posaljiLocalStorage
FNDA:2,(anonymous_2)
FNDA:0,(anonymous_3)
FNDA:1,(anonymous_4)
FNDA:2,provjeriLozinku
DA:2,5
DA:3,5
DA:4,5
DA:8,2
DA:9,2
DA:12,1
DA:13,1
DA:17,2
DA:18,2
DA:19,2
DA:20,2
DA:24,0
DA:26,0
DA:27,0
DA:28,0
DA:29,0
DA:30,0
DA:36,0
DA:40,1
DA:41,1
DA:42,1
DA:43,1
DA:45,1
DA:46,1
DA:47,1
DA:52,2
DA:54,2
DA:55,3
DA:56,1
DA:57,1
DA:60,1
DA:62,1
LF:32
LH:25
BRDA:26,0,0,0
BRDA:26,0,1,0
BRDA:28,1,0,0
BRDA:28,1,1,0
BRDA:28,2,0,0
BRDA:28,2,1,0
BRDA:42,3,0,1
BRDA:42,3,1,0
BRDA:55,4,0,1
BRDA:55,4,1,2
BRDA:55,5,0,3
BRDA:55,5,1,3
BRDA:55,5,2,2
BRF:13
BRH:6
end_of_record
