TN:
SF:kod.js
FN:1,dohvatiLocalStorage
FN:7,posaljiLocalStorage
FN:16,(anonymous_2)
FN:23,(anonymous_3)
FN:39,(anonymous_4)
FN:51,provjeriLozinku
FNF:6
FNH:6
FNDA:6,dohvatiLocalStorage
FNDA:2,posaljiLocalStorage
FNDA:3,(anonymous_2)
FNDA:1,(anonymous_3)
FNDA:1,(anonymous_4)
FNDA:2,provjeriLozinku
DA:2,6
DA:3,6
DA:4,6
DA:8,2
DA:9,2
DA:12,1
DA:13,1
DA:17,3
DA:18,3
DA:19,3
DA:20,3
DA:24,1
DA:26,1
DA:27,1
DA:28,1
DA:29,1
DA:30,1
DA:36,0
DA:40,1
DA:41,1
DA:42,1
DA:43,1
DA:45,1
DA:46,1
DA:47,1
DA:52,2
DA:54,2
DA:55,3
DA:56,1
DA:57,1
DA:60,1
DA:62,1
LF:32
LH:31
BRDA:26,0,0,1
BRDA:26,0,1,0
BRDA:28,1,0,1
BRDA:28,1,1,0
BRDA:28,2,0,1
BRDA:28,2,1,1
BRDA:42,3,0,1
BRDA:42,3,1,0
BRDA:55,4,0,1
BRDA:55,4,1,2
BRDA:55,5,0,3
BRDA:55,5,1,3
BRDA:55,5,2,2
BRF:13
BRH:10
end_of_record
