TN:
SF:kod.js
FN:1,dohvatiLocalStorage
FN:7,posaljiLocalStorage
FN:16,(anonymous_2)
FN:23,(anonymous_3)
FN:39,(anonymous_4)
FN:51,provjeriLozinku
FNF:6
FNH:4
FNDA:3,dohvatiLocalStorage
FNDA:1,posaljiLocalStorage
FNDA:1,(anonymous_2)
FNDA:0,(anonymous_3)
FNDA:1,(anonymous_4)
FNDA:0,provjeriLozinku
DA:2,3
DA:3,3
DA:4,3
DA:8,1
DA:9,1
DA:12,1
DA:13,1
DA:17,1
DA:18,1
DA:19,1
DA:20,1
DA:24,0
DA:26,0
DA:27,0
DA:28,0
DA:29,0
DA:30,0
DA:36,0
DA:40,1
DA:41,1
DA:42,1
DA:43,1
DA:45,1
DA:46,1
DA:47,1
DA:52,0
DA:54,0
DA:55,0
DA:56,0
DA:57,0
DA:60,0
DA:62,1
LF:32
LH:19
BRDA:26,0,0,0
BRDA:26,0,1,0
BRDA:28,1,0,0
BRDA:28,1,1,0
BRDA:28,2,0,0
BRDA:28,2,1,0
BRDA:42,3,0,1
BRDA:42,3,1,0
BRDA:55,4,0,0
BRDA:55,4,1,0
BRDA:55,5,0,0
BRDA:55,5,1,0
BRDA:55,5,2,0
BRF:13
BRH:1
end_of_record
